0 info it worked if it ends with ok
1 verbose cli [ '/usr/bin/nodejs',
1 verbose cli   '/usr/bin/npm',
1 verbose cli   'i',
1 verbose cli   '--save',
1 verbose cli   'hydrabolt/discord.js#indev-rewrite' ]
2 info using npm@3.10.3
3 info using node@v6.5.0
4 silly loadCurrentTree Starting
5 silly install loadCurrentTree
6 silly install readLocalPackageData
7 silly fetchPackageMetaData hydrabolt/discord.js#indev-rewrite
8 silly fetchOtherPackageData hydrabolt/discord.js#indev-rewrite
9 silly cache add args [ 'hydrabolt/discord.js#indev-rewrite', null ]
10 verbose cache add spec hydrabolt/discord.js#indev-rewrite
11 silly cache add parsed spec Result {
11 silly cache add   raw: 'hydrabolt/discord.js#indev-rewrite',
11 silly cache add   scope: null,
11 silly cache add   escapedName: null,
11 silly cache add   name: null,
11 silly cache add   rawSpec: 'hydrabolt/discord.js#indev-rewrite',
11 silly cache add   spec: 'github:hydrabolt/discord.js#indev-rewrite',
11 silly cache add   type: 'hosted',
11 silly cache add   hosted:
11 silly cache add    { type: 'github',
11 silly cache add      ssh: 'git@github.com:hydrabolt/discord.js.git#indev-rewrite',
11 silly cache add      sshUrl: 'git+ssh://git@github.com/hydrabolt/discord.js.git#indev-rewrite',
11 silly cache add      httpsUrl: 'git+https://github.com/hydrabolt/discord.js.git#indev-rewrite',
11 silly cache add      gitUrl: 'git://github.com/hydrabolt/discord.js.git#indev-rewrite',
11 silly cache add      shortcut: 'github:hydrabolt/discord.js#indev-rewrite',
11 silly cache add      directUrl: 'https://raw.githubusercontent.com/hydrabolt/discord.js/indev-rewrite/package.json' } }
12 verbose addRemoteGit caching hydrabolt/discord.js#indev-rewrite
13 verbose addRemoteGit hydrabolt/discord.js#indev-rewrite is a repository hosted by github
14 silly tryGitProto attempting to clone git://github.com/hydrabolt/discord.js.git#indev-rewrite
15 silly tryClone cloning hydrabolt/discord.js#indev-rewrite via git://github.com/hydrabolt/discord.js.git#indev-rewrite
16 verbose tryClone git-github-com-hydrabolt-discord-js-git-indev-rewrite-58d7434c not in flight; caching
17 verbose correctMkdir /home/alexkorkod/.npm/_git-remotes correctMkdir not in flight; initializing
18 info git [ 'clone',
18 info git   '--template=/home/alexkorkod/.npm/_git-remotes/_templates',
18 info git   '--mirror',
18 info git   'git://github.com/hydrabolt/discord.js.git',
18 info git   '/home/alexkorkod/.npm/_git-remotes/git-github-com-hydrabolt-discord-js-git-indev-rewrite-58d7434c' ]
19 verbose mirrorRemote hydrabolt/discord.js#indev-rewrite git clone git://github.com/hydrabolt/discord.js.git
20 verbose correctMkdir /home/alexkorkod/.npm/_git-remotes correctMkdir not in flight; initializing
21 verbose setPermissions hydrabolt/discord.js#indev-rewrite set permissions on /home/alexkorkod/.npm/_git-remotes/git-github-com-hydrabolt-discord-js-git-indev-rewrite-58d7434c
22 verbose resolveHead hydrabolt/discord.js#indev-rewrite original treeish: indev-rewrite
23 info git [ 'rev-list', '-n1', 'indev-rewrite' ]
24 error git rev-list -n1 indev-rewrite: fatal: ambiguous argument 'indev-rewrite': unknown revision or path not in the working tree.
24 error git rev-list -n1 indev-rewrite: Use '--' to separate paths from revisions, like this:
24 error git rev-list -n1 indev-rewrite: 'git <command> [<revision>...] -- [<file>...]'
25 silly tryHTTPS attempting to clone git+https://github.com/hydrabolt/discord.js.git#indev-rewrite
26 silly tryClone cloning hydrabolt/discord.js#indev-rewrite via git+https://github.com/hydrabolt/discord.js.git#indev-rewrite
27 verbose tryClone git-https-github-com-hydrabolt-discord-js-git-indev-rewrite-16bb84c4 not in flight; caching
28 verbose correctMkdir /home/alexkorkod/.npm/_git-remotes correctMkdir not in flight; initializing
29 info git [ 'clone',
29 info git   '--template=/home/alexkorkod/.npm/_git-remotes/_templates',
29 info git   '--mirror',
29 info git   'https://github.com/hydrabolt/discord.js.git',
29 info git   '/home/alexkorkod/.npm/_git-remotes/git-https-github-com-hydrabolt-discord-js-git-indev-rewrite-16bb84c4' ]
30 verbose mirrorRemote hydrabolt/discord.js#indev-rewrite git clone https://github.com/hydrabolt/discord.js.git
31 verbose correctMkdir /home/alexkorkod/.npm/_git-remotes correctMkdir not in flight; initializing
32 verbose setPermissions hydrabolt/discord.js#indev-rewrite set permissions on /home/alexkorkod/.npm/_git-remotes/git-https-github-com-hydrabolt-discord-js-git-indev-rewrite-16bb84c4
33 verbose resolveHead hydrabolt/discord.js#indev-rewrite original treeish: indev-rewrite
34 info git [ 'rev-list', '-n1', 'indev-rewrite' ]
35 error git rev-list -n1 indev-rewrite: fatal: ambiguous argument 'indev-rewrite': unknown revision or path not in the working tree.
35 error git rev-list -n1 indev-rewrite: Use '--' to separate paths from revisions, like this:
35 error git rev-list -n1 indev-rewrite: 'git <command> [<revision>...] -- [<file>...]'
36 silly trySSH attempting to clone git@github.com:hydrabolt/discord.js.git#indev-rewrite
37 silly tryClone cloning hydrabolt/discord.js#indev-rewrite via git@github.com:hydrabolt/discord.js.git#indev-rewrite
38 verbose tryClone git-github-com-hydrabolt-discord-js-git-indev-rewrite-3868718b not in flight; caching
39 verbose correctMkdir /home/alexkorkod/.npm/_git-remotes correctMkdir not in flight; initializing
40 info git [ 'clone',
40 info git   '--template=/home/alexkorkod/.npm/_git-remotes/_templates',
40 info git   '--mirror',
40 info git   'git@github.com:hydrabolt/discord.js.git',
40 info git   '/home/alexkorkod/.npm/_git-remotes/git-github-com-hydrabolt-discord-js-git-indev-rewrite-3868718b' ]
41 error git clone --template=/home/alexkorkod/.npm/_git-remotes/_templates --mirror git@github.com:hydrabolt/discord.js.git /home/alexkorkod/.npm/_git-remotes/git-github-com-hydrabolt-discord-js-git-indev-rewrite-3868718b: Cloning into bare repository '/home/alexkorkod/.npm/_git-remotes/git-github-com-hydrabolt-discord-js-git-indev-rewrite-3868718b'...
41 error git clone --template=/home/alexkorkod/.npm/_git-remotes/_templates --mirror git@github.com:hydrabolt/discord.js.git /home/alexkorkod/.npm/_git-remotes/git-github-com-hydrabolt-discord-js-git-indev-rewrite-3868718b: Warning: Permanently added 'github.com,192.30.253.112' (RSA) to the list of known hosts.
41 error git clone --template=/home/alexkorkod/.npm/_git-remotes/_templates --mirror git@github.com:hydrabolt/discord.js.git /home/alexkorkod/.npm/_git-remotes/git-github-com-hydrabolt-discord-js-git-indev-rewrite-3868718b: Permission denied (publickey).
41 error git clone --template=/home/alexkorkod/.npm/_git-remotes/_templates --mirror git@github.com:hydrabolt/discord.js.git /home/alexkorkod/.npm/_git-remotes/git-github-com-hydrabolt-discord-js-git-indev-rewrite-3868718b: fatal: Could not read from remote repository.
41 error git clone --template=/home/alexkorkod/.npm/_git-remotes/_templates --mirror git@github.com:hydrabolt/discord.js.git /home/alexkorkod/.npm/_git-remotes/git-github-com-hydrabolt-discord-js-git-indev-rewrite-3868718b:
41 error git clone --template=/home/alexkorkod/.npm/_git-remotes/_templates --mirror git@github.com:hydrabolt/discord.js.git /home/alexkorkod/.npm/_git-remotes/git-github-com-hydrabolt-discord-js-git-indev-rewrite-3868718b: Please make sure you have the correct access rights
41 error git clone --template=/home/alexkorkod/.npm/_git-remotes/_templates --mirror git@github.com:hydrabolt/discord.js.git /home/alexkorkod/.npm/_git-remotes/git-github-com-hydrabolt-discord-js-git-indev-rewrite-3868718b: and the repository exists.
42 silly fetchPackageMetaData Error: Command failed: git clone --template=/home/alexkorkod/.npm/_git-remotes/_templates --mirror git@github.com:hydrabolt/discord.js.git /home/alexkorkod/.npm/_git-remotes/git-github-com-hydrabolt-discord-js-git-indev-rewrite-3868718b
42 silly fetchPackageMetaData Cloning into bare repository '/home/alexkorkod/.npm/_git-remotes/git-github-com-hydrabolt-discord-js-git-indev-rewrite-3868718b'...
42 silly fetchPackageMetaData Warning: Permanently added 'github.com,192.30.253.112' (RSA) to the list of known hosts.
42 silly fetchPackageMetaData Permission denied (publickey).
42 silly fetchPackageMetaData fatal: Could not read from remote repository.
42 silly fetchPackageMetaData
42 silly fetchPackageMetaData Please make sure you have the correct access rights
42 silly fetchPackageMetaData and the repository exists.
42 silly fetchPackageMetaData
42 silly fetchPackageMetaData     at ChildProcess.exithandler (child_process.js:206:12)
42 silly fetchPackageMetaData     at emitTwo (events.js:106:13)
42 silly fetchPackageMetaData     at ChildProcess.emit (events.js:191:7)
42 silly fetchPackageMetaData     at maybeClose (internal/child_process.js:877:16)
42 silly fetchPackageMetaData     at Socket.<anonymous> (internal/child_process.js:334:11)
42 silly fetchPackageMetaData     at emitOne (events.js:96:13)
42 silly fetchPackageMetaData     at Socket.emit (events.js:188:7)
42 silly fetchPackageMetaData     at Pipe._handle.close [as _onclose] (net.js:493:12)
42 silly fetchPackageMetaData  error for hydrabolt/discord.js#indev-rewrite { Error: Command failed: git clone --template=/home/alexkorkod/.npm/_git-remotes/_templates --mirror git@github.com:hydrabolt/discord.js.git /home/alexkorkod/.npm/_git-remotes/git-github-com-hydrabolt-discord-js-git-indev-rewrite-3868718b
42 silly fetchPackageMetaData Cloning into bare repository '/home/alexkorkod/.npm/_git-remotes/git-github-com-hydrabolt-discord-js-git-indev-rewrite-3868718b'...
42 silly fetchPackageMetaData Warning: Permanently added 'github.com,192.30.253.112' (RSA) to the list of known hosts.
42 silly fetchPackageMetaData Permission denied (publickey).
42 silly fetchPackageMetaData fatal: Could not read from remote repository.
42 silly fetchPackageMetaData
42 silly fetchPackageMetaData Please make sure you have the correct access rights
42 silly fetchPackageMetaData and the repository exists.
42 silly fetchPackageMetaData
42 silly fetchPackageMetaData     at ChildProcess.exithandler (child_process.js:206:12)
42 silly fetchPackageMetaData     at emitTwo (events.js:106:13)
42 silly fetchPackageMetaData     at ChildProcess.emit (events.js:191:7)
42 silly fetchPackageMetaData     at maybeClose (internal/child_process.js:877:16)
42 silly fetchPackageMetaData     at Socket.<anonymous> (internal/child_process.js:334:11)
42 silly fetchPackageMetaData     at emitOne (events.js:96:13)
42 silly fetchPackageMetaData     at Socket.emit (events.js:188:7)
42 silly fetchPackageMetaData     at Pipe._handle.close [as _onclose] (net.js:493:12)
42 silly fetchPackageMetaData   killed: false,
42 silly fetchPackageMetaData   code: 128,
42 silly fetchPackageMetaData   signal: null,
42 silly fetchPackageMetaData   cmd: 'git clone --template=/home/alexkorkod/.npm/_git-remotes/_templates --mirror git@github.com:hydrabolt/discord.js.git /home/alexkorkod/.npm/_git-remotes/git-github-com-hydrabolt-discord-js-git-indev-rewrite-3868718b' }
43 silly rollbackFailedOptional Starting
44 silly rollbackFailedOptional Finishing
45 silly runTopLevelLifecycles Starting
46 silly runTopLevelLifecycles Finishing
47 silly install printInstalled
48 verbose stack Error: Command failed: git clone --template=/home/alexkorkod/.npm/_git-remotes/_templates --mirror git@github.com:hydrabolt/discord.js.git /home/alexkorkod/.npm/_git-remotes/git-github-com-hydrabolt-discord-js-git-indev-rewrite-3868718b
48 verbose stack Cloning into bare repository '/home/alexkorkod/.npm/_git-remotes/git-github-com-hydrabolt-discord-js-git-indev-rewrite-3868718b'...
48 verbose stack Warning: Permanently added 'github.com,192.30.253.112' (RSA) to the list of known hosts.
48 verbose stack Permission denied (publickey).
48 verbose stack fatal: Could not read from remote repository.
48 verbose stack
48 verbose stack Please make sure you have the correct access rights
48 verbose stack and the repository exists.
48 verbose stack
48 verbose stack     at ChildProcess.exithandler (child_process.js:206:12)
48 verbose stack     at emitTwo (events.js:106:13)
48 verbose stack     at ChildProcess.emit (events.js:191:7)
48 verbose stack     at maybeClose (internal/child_process.js:877:16)
48 verbose stack     at Socket.<anonymous> (internal/child_process.js:334:11)
48 verbose stack     at emitOne (events.js:96:13)
48 verbose stack     at Socket.emit (events.js:188:7)
48 verbose stack     at Pipe._handle.close [as _onclose] (net.js:493:12)
49 verbose cwd /home/alexkorkod/code/duelystbot_2
50 error Linux 3.13.0-55-generic
51 error argv "/usr/bin/nodejs" "/usr/bin/npm" "i" "--save" "hydrabolt/discord.js#indev-rewrite"
52 error node v6.5.0
53 error npm  v3.10.3
54 error code 128
55 error Command failed: git clone --template=/home/alexkorkod/.npm/_git-remotes/_templates --mirror git@github.com:hydrabolt/discord.js.git /home/alexkorkod/.npm/_git-remotes/git-github-com-hydrabolt-discord-js-git-indev-rewrite-3868718b
55 error Cloning into bare repository '/home/alexkorkod/.npm/_git-remotes/git-github-com-hydrabolt-discord-js-git-indev-rewrite-3868718b'...
55 error Warning: Permanently added 'github.com,192.30.253.112' (RSA) to the list of known hosts.
55 error Permission denied (publickey).
55 error fatal: Could not read from remote repository.
55 error
55 error Please make sure you have the correct access rights
55 error and the repository exists.
56 error If you need help, you may report this error at:
56 error     <https://github.com/npm/npm/issues>
57 verbose exit [ 1, true ]
